<?xml version="1.0" encoding="UTF-8"?>
<testsuite xmlns:xsi="http://www.w3.org/2001/XMLSchema-instance" xsi:noNamespaceSchemaLocation="https://maven.apache.org/surefire/maven-surefire-plugin/xsd/surefire-test-report.xsd" name="com.matas.liteconstruct.LiteconstructApplicationTests" time="14.126" tests="6" errors="0" skipped="0" failures="0">
  <properties>
[...]
</properties>
  <testcase name="iterator_will_return_hello_world" classname="com.matas.liteconstruct.LiteconstructApplicationTests" time="0.777"/>
  <testcase name="with_arguments" classname="com.matas.liteconstruct.LiteconstructApplicationTests" time="0.023"/>
  <testcase name="OutputStreamWriter_Buffers_And_Forwards_To_OutputStream" classname="com.matas.liteconstruct.LiteconstructApplicationTests" time="0.044"/>
  <testcase name="contextLoads" classname="com.matas.liteconstruct.LiteconstructApplicationTests" time="0.005"/>
  <testcase name="OutputStreamWriter_rethrows_an_exception_from_OutputStream" classname="com.matas.liteconstruct.LiteconstructApplicationTests" time="0.009"/>
  <testcase name="OutputStreamWriter_Closes_OutputStream_on_Close" classname="com.matas.liteconstruct.LiteconstructApplicationTests" time="0.018"/>
</testsuite>